<?xml version="1.0" encoding="UTF-8"?>
<testsuite xmlns:xsi="http://www.w3.org/2001/XMLSchema-instance" xsi:noNamespaceSchemaLocation="https://maven.apache.org/surefire/maven-surefire-plugin/xsd/surefire-test-report-3.0.xsd" version="3.0" name="it.exame.rest.controller.RestControllerTest" time="5.455" tests="9" errors="0" skipped="0" failures="0">
  <properties>
    <property name="java.specification.version" value="20"/>
    <property name="sun.jnu.encoding" value="UTF-8"/>
    <property name="test.url" value="http://0.0.0.0:8081"/>
    <property name="java.class.path" value="/home/pietro/eclipse-workspace/CompositeEntitiesProject/CompositeEntitiesManagerPrototype/target/test-classes:/home/pietro/eclipse-workspace/CompositeEntitiesProject/CompositeEntitiesManagerPrototype/target/classes:/home/pietro/.m2/repository/io/quarkus/quarkus-resteasy-reactive-jackson/3.4.2/quarkus-resteasy-reactive-jackson-3.4.2.jar:/home/pietro/.m2/repository/io/quarkus/quarkus-resteasy-reactive-jackson-common/3.4.2/quarkus-resteasy-reactive-jackson-common-3.4.2.jar:/home/pietro/.m2/repository/io/quarkus/quarkus-jackson/3.4.2/quarkus-jackson-3.4.2.jar:/home/pietro/.m2/repository/com/fasterxml/jackson/datatype/jackson-datatype-jdk8/2.15.2/jackson-datatype-jdk8-2.15.2.jar:/home/pietro/.m2/repository/com/fasterxml/jackson/module/jackson-module-parameter-names/2.15.2/jackson-module-parameter-names-2.15.2.jar:/home/pietro/.m2/repository/io/quarkus/quarkus-rest-client-reactive-jackson/3.4.2/quarkus-rest-client-reactive-jackson-3.4.2.jar:/home/pietro/.m2/repository/io/quarkus/resteasy/reactive/resteasy-reactive-jackson/3.4.2/resteasy-reactive-jackson-3.4.2.jar:/home/pietro/.m2/repository/io/quarkus/resteasy/reactive/resteasy-reactive/3.4.2/resteasy-reactive-3.4.2.jar:/home/pietro/.m2/repository/jakarta/annotation/jakarta.annotation-api/2.1.1/jakarta.annotation-api-2.1.1.jar:/home/pietro/.m2/repository/org/jboss/logging/commons-logging-jboss-logging/1.0.0.Final/commons-logging-jboss-logging-1.0.0.Final.jar:/home/pietro/.m2/repository/jakarta/xml/bind/jakarta.xml.bind-api/4.0.0/jakarta.xml.bind-api-4.0.0.jar:/home/pietro/.m2/repository/jakarta/activation/jakarta.activation-api/2.1.2/jakarta.activation-api-2.1.2.jar:/home/pietro/.m2/repository/org/jboss/logging/jboss-logging/3.5.3.Final/jboss-logging-3.5.3.Final.jar:/home/pietro/.m2/repository/io/quarkus/quarkus-rest-client-reactive/3.4.2/quarkus-rest-client-reactive-3.4.2.jar:/home/pietro/.m2/repository/io/quarkus/quarkus-jaxrs-client-reactive/3.4.2/quarkus-jaxrs-client-reactive-3.4.2.jar:/home/pietro/.m2/repository/io/quarkus/resteasy/reactive/resteasy-reactive-client/3.4.2/resteasy-reactive-client-3.4.2.jar:/home/pietro/.m2/repository/io/vertx/vertx-web-client/4.4.5/vertx-web-client-4.4.5.jar:/home/pietro/.m2/repository/io/quarkus/quarkus-smallrye-stork/3.4.2/quarkus-smallrye-stork-3.4.2.jar:/home/pietro/.m2/repository/io/quarkus/quarkus-rest-client-config/3.4.2/quarkus-rest-client-config-3.4.2.jar:/home/pietro/.m2/repository/io/smallrye/stork/stork-api/2.3.1/stork-api-2.3.1.jar:/home/pietro/.m2/repository/io/smallrye/stork/stork-core/2.3.1/stork-core-2.3.1.jar:/home/pietro/.m2/repository/org/eclipse/microprofile/rest/client/microprofile-rest-client-api/3.0.1/microprofile-rest-client-api-3.0.1.jar:/home/pietro/.m2/repository/io/quarkus/quarkus-arc/3.4.2/quarkus-arc-3.4.2.jar:/home/pietro/.m2/repository/io/quarkus/arc/arc/3.4.2/arc-3.4.2.jar:/home/pietro/.m2/repository/jakarta/enterprise/jakarta.enterprise.cdi-api/4.0.1/jakarta.enterprise.cdi-api-4.0.1.jar:/home/pietro/.m2/repository/jakarta/enterprise/jakarta.enterprise.lang-model/4.0.1/jakarta.enterprise.lang-model-4.0.1.jar:/home/pietro/.m2/repository/jakarta/el/jakarta.el-api/5.0.1/jakarta.el-api-5.0.1.jar:/home/pietro/.m2/repository/jakarta/interceptor/jakarta.interceptor-api/2.1.0/jakarta.interceptor-api-2.1.0.jar:/home/pietro/.m2/repository/jakarta/transaction/jakarta.transaction-api/2.0.1/jakarta.transaction-api-2.0.1.jar:/home/pietro/.m2/repository/io/smallrye/reactive/mutiny/2.3.1/mutiny-2.3.1.jar:/home/pietro/.m2/repository/io/smallrye/common/smallrye-common-annotation/2.1.2/smallrye-common-annotation-2.1.2.jar:/home/pietro/.m2/repository/io/quarkus/quarkus-core/3.4.2/quarkus-core-3.4.2.jar:/home/pietro/.m2/repository/jakarta/inject/jakarta.inject-api/2.0.1/jakarta.inject-api-2.0.1.jar:/home/pietro/.m2/repository/io/smallrye/common/smallrye-common-os/2.1.2/smallrye-common-os-2.1.2.jar:/home/pietro/.m2/repository/io/quarkus/quarkus-ide-launcher/3.4.2/quarkus-ide-launcher-3.4.2.jar:/home/pietro/.m2/repository/io/quarkus/quarkus-development-mode-spi/3.4.2/quarkus-development-mode-spi-3.4.2.jar:/home/pietro/.m2/repository/io/smallrye/config/smallrye-config/3.3.4/smallrye-config-3.3.4.jar:/home/pietro/.m2/repository/io/smallrye/config/smallrye-config-core/3.3.4/smallrye-config-core-3.3.4.jar:/home/pietro/.m2/repository/org/eclipse/microprofile/config/microprofile-config-api/3.0.3/microprofile-config-api-3.0.3.jar:/home/pietro/.m2/repository/io/smallrye/common/smallrye-common-classloader/2.1.2/smallrye-common-classloader-2.1.2.jar:/home/pietro/.m2/repository/io/smallrye/config/smallrye-config-common/3.3.4/smallrye-config-common-3.3.4.jar:/home/pietro/.m2/repository/org/jboss/logmanager/jboss-logmanager/3.0.2.Final/jboss-logmanager-3.0.2.Final.jar:/home/pietro/.m2/repository/io/smallrye/common/smallrye-common-constraint/2.1.2/smallrye-common-constraint-2.1.2.jar:/home/pietro/.m2/repository/io/smallrye/common/smallrye-common-cpu/2.1.2/smallrye-common-cpu-2.1.2.jar:/home/pietro/.m2/repository/io/smallrye/common/smallrye-common-expression/2.1.2/smallrye-common-expression-2.1.2.jar:/home/pietro/.m2/repository/io/smallrye/common/smallrye-common-function/2.1.2/smallrye-common-function-2.1.2.jar:/home/pietro/.m2/repository/io/smallrye/common/smallrye-common-net/2.1.2/smallrye-common-net-2.1.2.jar:/home/pietro/.m2/repository/io/smallrye/common/smallrye-common-ref/2.1.2/smallrye-common-ref-2.1.2.jar:/home/pietro/.m2/repository/jakarta/json/jakarta.json-api/2.1.2/jakarta.json-api-2.1.2.jar:/home/pietro/.m2/repository/org/jboss/logging/jboss-logging-annotations/2.2.1.Final/jboss-logging-annotations-2.2.1.Final.jar:/home/pietro/.m2/repository/org/jboss/threads/jboss-threads/3.5.0.Final/jboss-threads-3.5.0.Final.jar:/home/pietro/.m2/repository/org/jboss/slf4j/slf4j-jboss-logmanager/2.0.0.Final/slf4j-jboss-logmanager-2.0.0.Final.jar:/home/pietro/.m2/repository/org/wildfly/common/wildfly-common/1.5.4.Final-format-001/wildfly-common-1.5.4.Final-format-001.jar:/home/pietro/.m2/repository/io/quarkus/quarkus-bootstrap-runner/3.4.2/quarkus-bootstrap-runner-3.4.2.jar:/home/pietro/.m2/repository/io/quarkus/quarkus-fs-util/0.0.9/quarkus-fs-util-0.0.9.jar:/home/pietro/.m2/repository/org/eclipse/microprofile/context-propagation/microprofile-context-propagation-api/1.3/microprofile-context-propagation-api-1.3.jar:/home/pietro/.m2/repository/io/quarkus/quarkus-resteasy-reactive/3.4.2/quarkus-resteasy-reactive-3.4.2.jar:/home/pietro/.m2/repository/io/quarkus/quarkus-resteasy-reactive-common/3.4.2/quarkus-resteasy-reactive-common-3.4.2.jar:/home/pietro/.m2/repository/io/quarkus/resteasy/reactive/resteasy-reactive-common/3.4.2/resteasy-reactive-common-3.4.2.jar:/home/pietro/.m2/repository/io/quarkus/resteasy/reactive/resteasy-reactive-common-types/3.4.2/resteasy-reactive-common-types-3.4.2.jar:/home/pietro/.m2/repository/org/reactivestreams/reactive-streams/1.0.4/reactive-streams-1.0.4.jar:/home/pietro/.m2/repository/io/smallrye/reactive/mutiny-zero-flow-adapters/1.0.0/mutiny-zero-flow-adapters-1.0.0.jar:/home/pietro/.m2/repository/io/quarkus/quarkus-vertx/3.4.2/quarkus-vertx-3.4.2.jar:/home/pietro/.m2/repository/io/quarkus/quarkus-netty/3.4.2/quarkus-netty-3.4.2.jar:/home/pietro/.m2/repository/io/netty/netty-codec/4.1.97.Final/netty-codec-4.1.97.Final.jar:/home/pietro/.m2/repository/com/aayushatharva/brotli4j/brotli4j/1.12.0/brotli4j-1.12.0.jar:/home/pietro/.m2/repository/com/aayushatharva/brotli4j/service/1.12.0/service-1.12.0.jar:/home/pietro/.m2/repository/com/aayushatharva/brotli4j/native-linux-x86_64/1.12.0/native-linux-x86_64-1.12.0.jar:/home/pietro/.m2/repository/io/netty/netty-codec-haproxy/4.1.97.Final/netty-codec-haproxy-4.1.97.Final.jar:/home/pietro/.m2/repository/io/quarkus/quarkus-vertx-latebound-mdc-provider/3.4.2/quarkus-vertx-latebound-mdc-provider-3.4.2.jar:/home/pietro/.m2/repository/io/smallrye/smallrye-fault-tolerance-vertx/6.2.6/smallrye-fault-tolerance-vertx-6.2.6.jar:/home/pietro/.m2/repository/io/quarkus/resteasy/reactive/resteasy-reactive-vertx/3.4.2/resteasy-reactive-vertx-3.4.2.jar:/home/pietro/.m2/repository/io/vertx/vertx-web/4.4.5/vertx-web-4.4.5.jar:/home/pietro/.m2/repository/io/vertx/vertx-web-common/4.4.5/vertx-web-common-4.4.5.jar:/home/pietro/.m2/repository/io/vertx/vertx-auth-common/4.4.5/vertx-auth-common-4.4.5.jar:/home/pietro/.m2/repository/io/vertx/vertx-bridge-common/4.4.5/vertx-bridge-common-4.4.5.jar:/home/pietro/.m2/repository/io/smallrye/reactive/smallrye-mutiny-vertx-core/3.5.0/smallrye-mutiny-vertx-core-3.5.0.jar:/home/pietro/.m2/repository/io/smallrye/reactive/smallrye-mutiny-vertx-runtime/3.5.0/smallrye-mutiny-vertx-runtime-3.5.0.jar:/home/pietro/.m2/repository/io/smallrye/reactive/vertx-mutiny-generator/3.5.0/vertx-mutiny-generator-3.5.0.jar:/home/pietro/.m2/repository/io/vertx/vertx-codegen/4.4.5/vertx-codegen-4.4.5.jar:/home/pietro/.m2/repository/jakarta/ws/rs/jakarta.ws.rs-api/3.1.0/jakarta.ws.rs-api-3.1.0.jar:/home/pietro/.m2/repository/io/quarkus/quarkus-vertx-http/3.4.2/quarkus-vertx-http-3.4.2.jar:/home/pietro/.m2/repository/io/quarkus/quarkus-security-runtime-spi/3.4.2/quarkus-security-runtime-spi-3.4.2.jar:/home/pietro/.m2/repository/io/quarkus/quarkus-credentials/3.4.2/quarkus-credentials-3.4.2.jar:/home/pietro/.m2/repository/io/smallrye/common/smallrye-common-vertx-context/2.1.2/smallrye-common-vertx-context-2.1.2.jar:/home/pietro/.m2/repository/io/quarkus/quarkus-vertx-http-dev-console-runtime-spi/3.4.2/quarkus-vertx-http-dev-console-runtime-spi-3.4.2.jar:/home/pietro/.m2/repository/io/quarkus/security/quarkus-security/2.0.2.Final/quarkus-security-2.0.2.Final.jar:/home/pietro/.m2/repository/io/smallrye/reactive/smallrye-mutiny-vertx-web/3.5.0/smallrye-mutiny-vertx-web-3.5.0.jar:/home/pietro/.m2/repository/io/smallrye/reactive/smallrye-mutiny-vertx-web-common/3.5.0/smallrye-mutiny-vertx-web-common-3.5.0.jar:/home/pietro/.m2/repository/io/smallrye/reactive/smallrye-mutiny-vertx-auth-common/3.5.0/smallrye-mutiny-vertx-auth-common-3.5.0.jar:/home/pietro/.m2/repository/io/smallrye/reactive/smallrye-mutiny-vertx-bridge-common/3.5.0/smallrye-mutiny-vertx-bridge-common-3.5.0.jar:/home/pietro/.m2/repository/io/smallrye/reactive/smallrye-mutiny-vertx-uri-template/3.5.0/smallrye-mutiny-vertx-uri-template-3.5.0.jar:/home/pietro/.m2/repository/io/vertx/vertx-uri-template/4.4.5/vertx-uri-template-4.4.5.jar:/home/pietro/.m2/repository/io/github/crac/org-crac/0.1.3/org-crac-0.1.3.jar:/home/pietro/.m2/repository/io/quarkus/quarkus-jsonp/3.4.2/quarkus-jsonp-3.4.2.jar:/home/pietro/.m2/repository/org/eclipse/parsson/parsson/1.1.2/parsson-1.1.2.jar:/home/pietro/.m2/repository/io/quarkus/quarkus-virtual-threads/3.4.2/quarkus-virtual-threads-3.4.2.jar:/home/pietro/.m2/repository/io/vertx/vertx-core/4.4.5/vertx-core-4.4.5.jar:/home/pietro/.m2/repository/io/netty/netty-common/4.1.97.Final/netty-common-4.1.97.Final.jar:/home/pietro/.m2/repository/io/netty/netty-buffer/4.1.97.Final/netty-buffer-4.1.97.Final.jar:/home/pietro/.m2/repository/io/netty/netty-transport/4.1.97.Final/netty-transport-4.1.97.Final.jar:/home/pietro/.m2/repository/io/netty/netty-handler/4.1.97.Final/netty-handler-4.1.97.Final.jar:/home/pietro/.m2/repository/io/netty/netty-transport-native-unix-common/4.1.97.Final/netty-transport-native-unix-common-4.1.97.Final.jar:/home/pietro/.m2/repository/io/netty/netty-handler-proxy/4.1.97.Final/netty-handler-proxy-4.1.97.Final.jar:/home/pietro/.m2/repository/io/netty/netty-codec-socks/4.1.97.Final/netty-codec-socks-4.1.97.Final.jar:/home/pietro/.m2/repository/io/netty/netty-codec-http/4.1.97.Final/netty-codec-http-4.1.97.Final.jar:/home/pietro/.m2/repository/io/netty/netty-codec-http2/4.1.97.Final/netty-codec-http2-4.1.97.Final.jar:/home/pietro/.m2/repository/io/netty/netty-resolver/4.1.97.Final/netty-resolver-4.1.97.Final.jar:/home/pietro/.m2/repository/io/netty/netty-resolver-dns/4.1.97.Final/netty-resolver-dns-4.1.97.Final.jar:/home/pietro/.m2/repository/io/netty/netty-codec-dns/4.1.97.Final/netty-codec-dns-4.1.97.Final.jar:/home/pietro/.m2/repository/io/quarkus/quarkus-junit5/3.4.2/quarkus-junit5-3.4.2.jar:/home/pietro/.m2/repository/io/quarkus/quarkus-bootstrap-core/3.4.2/quarkus-bootstrap-core-3.4.2.jar:/home/pietro/.m2/repository/io/quarkus/quarkus-bootstrap-app-model/3.4.2/quarkus-bootstrap-app-model-3.4.2.jar:/home/pietro/.m2/repository/io/smallrye/common/smallrye-common-io/2.1.2/smallrye-common-io-2.1.2.jar:/home/pietro/.m2/repository/org/eclipse/sisu/org.eclipse.sisu.inject/0.3.5/org.eclipse.sisu.inject-0.3.5.jar:/home/pietro/.m2/repository/io/quarkus/quarkus-test-common/3.4.2/quarkus-test-common-3.4.2.jar:/home/pietro/.m2/repository/io/quarkus/quarkus-core-deployment/3.4.2/quarkus-core-deployment-3.4.2.jar:/home/pietro/.m2/repository/org/aesh/readline/2.4/readline-2.4.jar:/home/pietro/.m2/repository/org/fusesource/jansi/jansi/2.4.0/jansi-2.4.0.jar:/home/pietro/.m2/repository/org/aesh/aesh/2.7/aesh-2.7.jar:/home/pietro/.m2/repository/io/quarkus/gizmo/gizmo/1.6.1.Final/gizmo-1.6.1.Final.jar:/home/pietro/.m2/repository/org/ow2/asm/asm-util/9.5/asm-util-9.5.jar:/home/pietro/.m2/repository/org/ow2/asm/asm-analysis/9.5/asm-analysis-9.5.jar:/home/pietro/.m2/repository/org/ow2/asm/asm-commons/9.5/asm-commons-9.5.jar:/home/pietro/.m2/repository/org/ow2/asm/asm-tree/9.5/asm-tree-9.5.jar:/home/pietro/.m2/repository/io/quarkus/quarkus-class-change-agent/3.4.2/quarkus-class-change-agent-3.4.2.jar:/home/pietro/.m2/repository/io/quarkus/quarkus-devtools-utilities/3.4.2/quarkus-devtools-utilities-3.4.2.jar:/home/pietro/.m2/repository/io/quarkus/quarkus-builder/3.4.2/quarkus-builder-3.4.2.jar:/home/pietro/.m2/repository/org/graalvm/sdk/graal-sdk/23.0.1/graal-sdk-23.0.1.jar:/home/pietro/.m2/repository/org/junit/platform/junit-platform-launcher/1.9.3/junit-platform-launcher-1.9.3.jar:/home/pietro/.m2/repository/io/quarkus/quarkus-bootstrap-maven-resolver/3.4.2/quarkus-bootstrap-maven-resolver-3.4.2.jar:/home/pietro/.m2/repository/io/smallrye/beanbag/smallrye-beanbag-maven/1.3.2/smallrye-beanbag-maven-1.3.2.jar:/home/pietro/.m2/repository/io/smallrye/beanbag/smallrye-beanbag-sisu/1.3.2/smallrye-beanbag-sisu-1.3.2.jar:/home/pietro/.m2/repository/io/smallrye/beanbag/smallrye-beanbag/1.3.2/smallrye-beanbag-1.3.2.jar:/home/pietro/.m2/repository/javax/inject/javax.inject/1/javax.inject-1.jar:/home/pietro/.m2/repository/org/apache/maven/maven-artifact/3.9.3/maven-artifact-3.9.3.jar:/home/pietro/.m2/repository/org/apache/maven/maven-builder-support/3.9.3/maven-builder-support-3.9.3.jar:/home/pietro/.m2/repository/org/apache/maven/maven-model/3.9.3/maven-model-3.9.3.jar:/home/pietro/.m2/repository/org/apache/maven/maven-model-builder/3.9.3/maven-model-builder-3.9.3.jar:/home/pietro/.m2/repository/org/apache/maven/maven-repository-metadata/3.9.3/maven-repository-metadata-3.9.3.jar:/home/pietro/.m2/repository/org/apache/maven/maven-settings/3.9.3/maven-settings-3.9.3.jar:/home/pietro/.m2/repository/org/apache/maven/resolver/maven-resolver-api/1.9.13/maven-resolver-api-1.9.13.jar:/home/pietro/.m2/repository/org/apache/maven/resolver/maven-resolver-impl/1.9.13/maven-resolver-impl-1.9.13.jar:/home/pietro/.m2/repository/org/apache/maven/resolver/maven-resolver-named-locks/1.9.13/maven-resolver-named-locks-1.9.13.jar:/home/pietro/.m2/repository/org/apache/maven/resolver/maven-resolver-spi/1.9.13/maven-resolver-spi-1.9.13.jar:/home/pietro/.m2/repository/org/apache/maven/resolver/maven-resolver-util/1.9.13/maven-resolver-util-1.9.13.jar:/home/pietro/.m2/repository/org/apache/maven/resolver/maven-resolver-transport-http/1.9.10/maven-resolver-transport-http-1.9.10.jar:/home/pietro/.m2/repository/org/apache/maven/wagon/wagon-provider-api/3.5.3/wagon-provider-api-3.5.3.jar:/home/pietro/.m2/repository/org/apache/maven/wagon/wagon-http-shared/3.5.3/wagon-http-shared-3.5.3.jar:/home/pietro/.m2/repository/org/codehaus/plexus/plexus-interpolation/1.26/plexus-interpolation-1.26.jar:/home/pietro/.m2/repository/org/codehaus/plexus/plexus-utils/3.5.1/plexus-utils-3.5.1.jar:/home/pietro/.m2/repository/org/codehaus/plexus/plexus-xml/4.0.0/plexus-xml-4.0.0.jar:/home/pietro/.m2/repository/org/apache/maven/maven-xml-impl/4.0.0-alpha-5/maven-xml-impl-4.0.0-alpha-5.jar:/home/pietro/.m2/repository/org/apache/maven/maven-api-xml/4.0.0-alpha-5/maven-api-xml-4.0.0-alpha-5.jar:/home/pietro/.m2/repository/org/apache/maven/maven-api-meta/4.0.0-alpha-5/maven-api-meta-4.0.0-alpha-5.jar:/home/pietro/.m2/repository/org/codehaus/plexus/plexus-cipher/2.0/plexus-cipher-2.0.jar:/home/pietro/.m2/repository/org/codehaus/plexus/plexus-sec-dispatcher/2.0/plexus-sec-dispatcher-2.0.jar:/home/pietro/.m2/repository/org/apache/maven/maven-embedder/3.9.3/maven-embedder-3.9.3.jar:/home/pietro/.m2/repository/org/apache/maven/maven-core/3.9.3/maven-core-3.9.3.jar:/home/pietro/.m2/repository/org/codehaus/plexus/plexus-component-annotations/2.1.0/plexus-component-annotations-2.1.0.jar:/home/pietro/.m2/repository/org/apache/maven/maven-plugin-api/3.9.3/maven-plugin-api-3.9.3.jar:/home/pietro/.m2/repository/org/apache/maven/shared/maven-shared-utils/3.3.4/maven-shared-utils-3.3.4.jar:/home/pietro/.m2/repository/com/google/inject/guice/5.1.0/guice-5.1.0.jar:/home/pietro/.m2/repository/aopalliance/aopalliance/1.0/aopalliance-1.0.jar:/home/pietro/.m2/repository/javax/annotation/javax.annotation-api/1.3.2/javax.annotation-api-1.3.2.jar:/home/pietro/.m2/repository/org/codehaus/plexus/plexus-classworlds/2.6.0/plexus-classworlds-2.6.0.jar:/home/pietro/.m2/repository/commons-cli/commons-cli/1.5.0/commons-cli-1.5.0.jar:/home/pietro/.m2/repository/org/eclipse/sisu/org.eclipse.sisu.plexus/0.3.5/org.eclipse.sisu.plexus-0.3.5.jar:/home/pietro/.m2/repository/org/apache/maven/maven-settings-builder/3.9.3/maven-settings-builder-3.9.3.jar:/home/pietro/.m2/repository/org/apache/maven/maven-resolver-provider/3.9.3/maven-resolver-provider-3.9.3.jar:/home/pietro/.m2/repository/org/apache/maven/resolver/maven-resolver-connector-basic/1.9.13/maven-resolver-connector-basic-1.9.13.jar:/home/pietro/.m2/repository/org/apache/maven/resolver/maven-resolver-transport-wagon/1.9.13/maven-resolver-transport-wagon-1.9.13.jar:/home/pietro/.m2/repository/org/apache/maven/wagon/wagon-http/3.5.3/wagon-http-3.5.3.jar:/home/pietro/.m2/repository/org/apache/maven/wagon/wagon-file/3.5.3/wagon-file-3.5.3.jar:/home/pietro/.m2/repository/io/quarkus/quarkus-bootstrap-gradle-resolver/3.4.2/quarkus-bootstrap-gradle-resolver-3.4.2.jar:/home/pietro/.m2/repository/io/smallrye/jandex/3.1.3/jandex-3.1.3.jar:/home/pietro/.m2/repository/io/quarkus/quarkus-junit5-properties/3.4.2/quarkus-junit5-properties-3.4.2.jar:/home/pietro/.m2/repository/org/junit/jupiter/junit-jupiter/5.9.3/junit-jupiter-5.9.3.jar:/home/pietro/.m2/repository/org/junit/jupiter/junit-jupiter-api/5.9.3/junit-jupiter-api-5.9.3.jar:/home/pietro/.m2/repository/org/opentest4j/opentest4j/1.2.0/opentest4j-1.2.0.jar:/home/pietro/.m2/repository/org/junit/platform/junit-platform-commons/1.9.3/junit-platform-commons-1.9.3.jar:/home/pietro/.m2/repository/org/apiguardian/apiguardian-api/1.1.2/apiguardian-api-1.1.2.jar:/home/pietro/.m2/repository/org/junit/jupiter/junit-jupiter-params/5.9.3/junit-jupiter-params-5.9.3.jar:/home/pietro/.m2/repository/org/junit/jupiter/junit-jupiter-engine/5.9.3/junit-jupiter-engine-5.9.3.jar:/home/pietro/.m2/repository/org/junit/platform/junit-platform-engine/1.9.3/junit-platform-engine-1.9.3.jar:/home/pietro/.m2/repository/com/thoughtworks/xstream/xstream/1.4.20/xstream-1.4.20.jar:/home/pietro/.m2/repository/io/github/x-stream/mxparser/1.2.2/mxparser-1.2.2.jar:/home/pietro/.m2/repository/xmlpull/xmlpull/1.1.3.1/xmlpull-1.1.3.1.jar:/home/pietro/.m2/repository/io/rest-assured/rest-assured/5.3.0/rest-assured-5.3.0.jar:/home/pietro/.m2/repository/org/apache/groovy/groovy/4.0.6/groovy-4.0.6.jar:/home/pietro/.m2/repository/org/apache/groovy/groovy-xml/4.0.6/groovy-xml-4.0.6.jar:/home/pietro/.m2/repository/org/apache/httpcomponents/httpclient/4.5.14/httpclient-4.5.14.jar:/home/pietro/.m2/repository/org/apache/httpcomponents/httpcore/4.4.16/httpcore-4.4.16.jar:/home/pietro/.m2/repository/commons-codec/commons-codec/1.16.0/commons-codec-1.16.0.jar:/home/pietro/.m2/repository/org/apache/httpcomponents/httpmime/4.5.14/httpmime-4.5.14.jar:/home/pietro/.m2/repository/org/hamcrest/hamcrest/2.1/hamcrest-2.1.jar:/home/pietro/.m2/repository/org/ccil/cowan/tagsoup/tagsoup/1.2.1/tagsoup-1.2.1.jar:/home/pietro/.m2/repository/io/rest-assured/json-path/5.3.0/json-path-5.3.0.jar:/home/pietro/.m2/repository/org/apache/groovy/groovy-json/4.0.6/groovy-json-4.0.6.jar:/home/pietro/.m2/repository/io/rest-assured/rest-assured-common/5.3.0/rest-assured-common-5.3.0.jar:/home/pietro/.m2/repository/io/rest-assured/xml-path/5.3.0/xml-path-5.3.0.jar:/home/pietro/.m2/repository/io/quarkus/quarkus-junit5-mockito/3.4.2/quarkus-junit5-mockito-3.4.2.jar:/home/pietro/.m2/repository/io/quarkus/quarkus-junit5-mockito-config/3.4.2/quarkus-junit5-mockito-config-3.4.2.jar:/home/pietro/.m2/repository/org/mockito/mockito-core/5.3.1/mockito-core-5.3.1.jar:/home/pietro/.m2/repository/net/bytebuddy/byte-buddy-agent/1.14.4/byte-buddy-agent-1.14.4.jar:/home/pietro/.m2/repository/org/objenesis/objenesis/3.3/objenesis-3.3.jar:/home/pietro/.m2/repository/io/quarkus/quarkus-arc-deployment/3.4.2/quarkus-arc-deployment-3.4.2.jar:/home/pietro/.m2/repository/io/quarkus/quarkus-smallrye-context-propagation-spi/3.4.2/quarkus-smallrye-context-propagation-spi-3.4.2.jar:/home/pietro/.m2/repository/io/quarkus/quarkus-vertx-http-dev-ui-spi/3.4.2/quarkus-vertx-http-dev-ui-spi-3.4.2.jar:/home/pietro/.m2/repository/io/quarkus/arc/arc-processor/3.4.2/arc-processor-3.4.2.jar:/home/pietro/.m2/repository/org/mockito/mockito-subclass/5.3.1/mockito-subclass-5.3.1.jar:/home/pietro/.m2/repository/io/quarkus/quarkus-mutiny/3.4.2/quarkus-mutiny-3.4.2.jar:/home/pietro/.m2/repository/io/quarkus/quarkus-smallrye-context-propagation/3.4.2/quarkus-smallrye-context-propagation-3.4.2.jar:/home/pietro/.m2/repository/io/smallrye/smallrye-context-propagation/2.1.0/smallrye-context-propagation-2.1.0.jar:/home/pietro/.m2/repository/io/smallrye/smallrye-context-propagation-api/2.1.0/smallrye-context-propagation-api-2.1.0.jar:/home/pietro/.m2/repository/io/smallrye/smallrye-context-propagation-storage/2.1.0/smallrye-context-propagation-storage-2.1.0.jar:/home/pietro/.m2/repository/io/smallrye/reactive/mutiny-smallrye-context-propagation/2.3.1/mutiny-smallrye-context-propagation-2.3.1.jar:/home/pietro/.m2/repository/org/assertj/assertj-core/3.24.2/assertj-core-3.24.2.jar:/home/pietro/.m2/repository/net/bytebuddy/byte-buddy/1.14.7/byte-buddy-1.14.7.jar:/home/pietro/.m2/repository/org/wiremock/wiremock/3.2.0/wiremock-3.2.0.jar:/home/pietro/.m2/repository/org/eclipse/jetty/jetty-server/11.0.16/jetty-server-11.0.16.jar:/home/pietro/.m2/repository/org/eclipse/jetty/toolchain/jetty-jakarta-servlet-api/5.0.2/jetty-jakarta-servlet-api-5.0.2.jar:/home/pietro/.m2/repository/org/eclipse/jetty/jetty-http/11.0.16/jetty-http-11.0.16.jar:/home/pietro/.m2/repository/org/eclipse/jetty/jetty-io/11.0.16/jetty-io-11.0.16.jar:/home/pietro/.m2/repository/org/eclipse/jetty/jetty-servlet/11.0.16/jetty-servlet-11.0.16.jar:/home/pietro/.m2/repository/org/eclipse/jetty/jetty-security/11.0.16/jetty-security-11.0.16.jar:/home/pietro/.m2/repository/org/eclipse/jetty/jetty-servlets/11.0.16/jetty-servlets-11.0.16.jar:/home/pietro/.m2/repository/org/eclipse/jetty/jetty-util/11.0.16/jetty-util-11.0.16.jar:/home/pietro/.m2/repository/org/eclipse/jetty/jetty-webapp/11.0.16/jetty-webapp-11.0.16.jar:/home/pietro/.m2/repository/org/eclipse/jetty/jetty-xml/11.0.16/jetty-xml-11.0.16.jar:/home/pietro/.m2/repository/org/eclipse/jetty/jetty-proxy/11.0.16/jetty-proxy-11.0.16.jar:/home/pietro/.m2/repository/org/eclipse/jetty/jetty-client/11.0.16/jetty-client-11.0.16.jar:/home/pietro/.m2/repository/org/eclipse/jetty/http2/http2-server/11.0.16/http2-server-11.0.16.jar:/home/pietro/.m2/repository/org/eclipse/jetty/http2/http2-common/11.0.16/http2-common-11.0.16.jar:/home/pietro/.m2/repository/org/eclipse/jetty/http2/http2-hpack/11.0.16/http2-hpack-11.0.16.jar:/home/pietro/.m2/repository/org/eclipse/jetty/jetty-alpn-server/11.0.16/jetty-alpn-server-11.0.16.jar:/home/pietro/.m2/repository/org/eclipse/jetty/jetty-alpn-java-server/11.0.16/jetty-alpn-java-server-11.0.16.jar:/home/pietro/.m2/repository/org/eclipse/jetty/jetty-alpn-java-client/11.0.16/jetty-alpn-java-client-11.0.16.jar:/home/pietro/.m2/repository/org/eclipse/jetty/jetty-alpn-client/11.0.16/jetty-alpn-client-11.0.16.jar:/home/pietro/.m2/repository/com/google/guava/guava/32.1.1-jre/guava-32.1.1-jre.jar:/home/pietro/.m2/repository/com/google/guava/failureaccess/1.0.1/failureaccess-1.0.1.jar:/home/pietro/.m2/repository/org/checkerframework/checker-qual/3.37.0/checker-qual-3.37.0.jar:/home/pietro/.m2/repository/com/google/errorprone/error_prone_annotations/2.20.0/error_prone_annotations-2.20.0.jar:/home/pietro/.m2/repository/com/google/j2objc/j2objc-annotations/2.8/j2objc-annotations-2.8.jar:/home/pietro/.m2/repository/com/fasterxml/jackson/core/jackson-core/2.15.2/jackson-core-2.15.2.jar:/home/pietro/.m2/repository/com/fasterxml/jackson/core/jackson-annotations/2.15.2/jackson-annotations-2.15.2.jar:/home/pietro/.m2/repository/com/fasterxml/jackson/core/jackson-databind/2.15.2/jackson-databind-2.15.2.jar:/home/pietro/.m2/repository/com/fasterxml/jackson/datatype/jackson-datatype-jsr310/2.15.2/jackson-datatype-jsr310-2.15.2.jar:/home/pietro/.m2/repository/org/apache/httpcomponents/client5/httpclient5/5.2.1/httpclient5-5.2.1.jar:/home/pietro/.m2/repository/org/apache/httpcomponents/core5/httpcore5/5.2/httpcore5-5.2.jar:/home/pietro/.m2/repository/org/apache/httpcomponents/core5/httpcore5-h2/5.2/httpcore5-h2-5.2.jar:/home/pietro/.m2/repository/org/xmlunit/xmlunit-core/2.9.1/xmlunit-core-2.9.1.jar:/home/pietro/.m2/repository/org/xmlunit/xmlunit-legacy/2.9.1/xmlunit-legacy-2.9.1.jar:/home/pietro/.m2/repository/org/xmlunit/xmlunit-placeholders/2.9.1/xmlunit-placeholders-2.9.1.jar:/home/pietro/.m2/repository/net/javacrumbs/json-unit/json-unit-core/2.38.0/json-unit-core-2.38.0.jar:/home/pietro/.m2/repository/org/hamcrest/hamcrest-core/2.2/hamcrest-core-2.2.jar:/home/pietro/.m2/repository/com/jayway/jsonpath/json-path/2.8.0/json-path-2.8.0.jar:/home/pietro/.m2/repository/net/minidev/json-smart/2.4.10/json-smart-2.4.10.jar:/home/pietro/.m2/repository/net/minidev/accessors-smart/2.4.9/accessors-smart-2.4.9.jar:/home/pietro/.m2/repository/org/ow2/asm/asm/9.5/asm-9.5.jar:/home/pietro/.m2/repository/net/sf/jopt-simple/jopt-simple/5.0.4/jopt-simple-5.0.4.jar:/home/pietro/.m2/repository/org/apache/commons/commons-lang3/3.12.0/commons-lang3-3.12.0.jar:/home/pietro/.m2/repository/com/github/jknack/handlebars/4.3.1/handlebars-4.3.1.jar:/home/pietro/.m2/repository/com/github/jknack/handlebars-helpers/4.3.1/handlebars-helpers-4.3.1.jar:/home/pietro/.m2/repository/commons-fileupload/commons-fileupload/1.5/commons-fileupload-1.5.jar:/home/pietro/.m2/repository/commons-io/commons-io/2.13.0/commons-io-2.13.0.jar:/home/pietro/.m2/repository/com/networknt/json-schema-validator/1.0.87/json-schema-validator-1.0.87.jar:/home/pietro/.m2/repository/com/ethlo/time/itu/1.7.0/itu-1.7.0.jar:/home/pietro/.m2/repository/com/fasterxml/jackson/dataformat/jackson-dataformat-yaml/2.15.2/jackson-dataformat-yaml-2.15.2.jar:/home/pietro/.m2/repository/org/yaml/snakeyaml/2.1/snakeyaml-2.1.jar:/home/pietro/.m2/repository/org/slf4j/slf4j-api/2.0.6/slf4j-api-2.0.6.jar:/home/pietro/.m2/repository/io/quarkus/quarkus-container-image-jib/3.4.2/quarkus-container-image-jib-3.4.2.jar:/home/pietro/.m2/repository/io/quarkus/quarkus-container-image/3.4.2/quarkus-container-image-3.4.2.jar:/home/pietro/.m2/repository/org/testcontainers/junit-jupiter/1.18.3/junit-jupiter-1.18.3.jar:/home/pietro/.m2/repository/org/testcontainers/testcontainers/1.18.3/testcontainers-1.18.3.jar:/home/pietro/.m2/repository/junit/junit/4.13.2/junit-4.13.2.jar:/home/pietro/.m2/repository/org/apache/commons/commons-compress/1.24.0/commons-compress-1.24.0.jar:/home/pietro/.m2/repository/org/rnorth/duct-tape/duct-tape/1.0.8/duct-tape-1.0.8.jar:/home/pietro/.m2/repository/org/jetbrains/annotations/24.0.1/annotations-24.0.1.jar:/home/pietro/.m2/repository/com/github/docker-java/docker-java-api/3.3.0/docker-java-api-3.3.0.jar:/home/pietro/.m2/repository/com/github/docker-java/docker-java-transport-zerodep/3.3.0/docker-java-transport-zerodep-3.3.0.jar:/home/pietro/.m2/repository/com/github/docker-java/docker-java-transport/3.3.0/docker-java-transport-3.3.0.jar:/home/pietro/.m2/repository/net/java/dev/jna/jna/5.8.0/jna-5.8.0.jar:/home/pietro/.m2/repository/org/apache/httpcomponents/fluent-hc/4.5.14/fluent-hc-4.5.14.jar:/home/pietro/.m2/repository/commons-logging/commons-logging/1.2/commons-logging-1.2.jar:"/>
    <property name="java.vm.vendor" value="Oracle Corporation"/>
    <property name="sun.arch.data.model" value="64"/>
    <property name="java.vendor.url" value="https://java.oracle.com/"/>
    <property name="user.timezone" value="Europe/Rome"/>
    <property name="logging.initial-configurator.min-level" value="500"/>
    <property name="os.name" value="Linux"/>
    <property name="java.vm.specification.version" value="20"/>
    <property name="sun.java.launcher" value="SUN_STANDARD"/>
    <property name="user.country" value="IT"/>
    <property name="groovy.use.classvalue" value="false"/>
    <property name="sun.boot.library.path" value="/usr/lib/jvm/jdk-20/lib"/>
    <property name="sun.java.command" value="/home/pietro/eclipse-workspace/CompositeEntitiesProject/CompositeEntitiesManagerPrototype/target/surefire/surefirebooter-20231031001011362_3.jar /home/pietro/eclipse-workspace/CompositeEntitiesProject/CompositeEntitiesManagerPrototype/target/surefire 2023-10-31T00-10-11_310-jvmRun1 surefire-20231031001011362_1tmp surefire_0-20231031001011362_2tmp"/>
    <property name="jdk.debug" value="release"/>
    <property name="maven.home" value="/home/pietro/eclipse-workspace/CompositeEntitiesProject/EMBEDDED"/>
    <property name="surefire.test.class.path" value="/home/pietro/eclipse-workspace/CompositeEntitiesProject/CompositeEntitiesManagerPrototype/target/test-classes:/home/pietro/eclipse-workspace/CompositeEntitiesProject/CompositeEntitiesManagerPrototype/target/classes:/home/pietro/.m2/repository/io/quarkus/quarkus-resteasy-reactive-jackson/3.4.2/quarkus-resteasy-reactive-jackson-3.4.2.jar:/home/pietro/.m2/repository/io/quarkus/quarkus-resteasy-reactive-jackson-common/3.4.2/quarkus-resteasy-reactive-jackson-common-3.4.2.jar:/home/pietro/.m2/repository/io/quarkus/quarkus-jackson/3.4.2/quarkus-jackson-3.4.2.jar:/home/pietro/.m2/repository/com/fasterxml/jackson/datatype/jackson-datatype-jdk8/2.15.2/jackson-datatype-jdk8-2.15.2.jar:/home/pietro/.m2/repository/com/fasterxml/jackson/module/jackson-module-parameter-names/2.15.2/jackson-module-parameter-names-2.15.2.jar:/home/pietro/.m2/repository/io/quarkus/quarkus-rest-client-reactive-jackson/3.4.2/quarkus-rest-client-reactive-jackson-3.4.2.jar:/home/pietro/.m2/repository/io/quarkus/resteasy/reactive/resteasy-reactive-jackson/3.4.2/resteasy-reactive-jackson-3.4.2.jar:/home/pietro/.m2/repository/io/quarkus/resteasy/reactive/resteasy-reactive/3.4.2/resteasy-reactive-3.4.2.jar:/home/pietro/.m2/repository/jakarta/annotation/jakarta.annotation-api/2.1.1/jakarta.annotation-api-2.1.1.jar:/home/pietro/.m2/repository/org/jboss/logging/commons-logging-jboss-logging/1.0.0.Final/commons-logging-jboss-logging-1.0.0.Final.jar:/home/pietro/.m2/repository/jakarta/xml/bind/jakarta.xml.bind-api/4.0.0/jakarta.xml.bind-api-4.0.0.jar:/home/pietro/.m2/repository/jakarta/activation/jakarta.activation-api/2.1.2/jakarta.activation-api-2.1.2.jar:/home/pietro/.m2/repository/org/jboss/logging/jboss-logging/3.5.3.Final/jboss-logging-3.5.3.Final.jar:/home/pietro/.m2/repository/io/quarkus/quarkus-rest-client-reactive/3.4.2/quarkus-rest-client-reactive-3.4.2.jar:/home/pietro/.m2/repository/io/quarkus/quarkus-jaxrs-client-reactive/3.4.2/quarkus-jaxrs-client-reactive-3.4.2.jar:/home/pietro/.m2/repository/io/quarkus/resteasy/reactive/resteasy-reactive-client/3.4.2/resteasy-reactive-client-3.4.2.jar:/home/pietro/.m2/repository/io/vertx/vertx-web-client/4.4.5/vertx-web-client-4.4.5.jar:/home/pietro/.m2/repository/io/quarkus/quarkus-smallrye-stork/3.4.2/quarkus-smallrye-stork-3.4.2.jar:/home/pietro/.m2/repository/io/quarkus/quarkus-rest-client-config/3.4.2/quarkus-rest-client-config-3.4.2.jar:/home/pietro/.m2/repository/io/smallrye/stork/stork-api/2.3.1/stork-api-2.3.1.jar:/home/pietro/.m2/repository/io/smallrye/stork/stork-core/2.3.1/stork-core-2.3.1.jar:/home/pietro/.m2/repository/org/eclipse/microprofile/rest/client/microprofile-rest-client-api/3.0.1/microprofile-rest-client-api-3.0.1.jar:/home/pietro/.m2/repository/io/quarkus/quarkus-arc/3.4.2/quarkus-arc-3.4.2.jar:/home/pietro/.m2/repository/io/quarkus/arc/arc/3.4.2/arc-3.4.2.jar:/home/pietro/.m2/repository/jakarta/enterprise/jakarta.enterprise.cdi-api/4.0.1/jakarta.enterprise.cdi-api-4.0.1.jar:/home/pietro/.m2/repository/jakarta/enterprise/jakarta.enterprise.lang-model/4.0.1/jakarta.enterprise.lang-model-4.0.1.jar:/home/pietro/.m2/repository/jakarta/el/jakarta.el-api/5.0.1/jakarta.el-api-5.0.1.jar:/home/pietro/.m2/repository/jakarta/interceptor/jakarta.interceptor-api/2.1.0/jakarta.interceptor-api-2.1.0.jar:/home/pietro/.m2/repository/jakarta/transaction/jakarta.transaction-api/2.0.1/jakarta.transaction-api-2.0.1.jar:/home/pietro/.m2/repository/io/smallrye/reactive/mutiny/2.3.1/mutiny-2.3.1.jar:/home/pietro/.m2/repository/io/smallrye/common/smallrye-common-annotation/2.1.2/smallrye-common-annotation-2.1.2.jar:/home/pietro/.m2/repository/io/quarkus/quarkus-core/3.4.2/quarkus-core-3.4.2.jar:/home/pietro/.m2/repository/jakarta/inject/jakarta.inject-api/2.0.1/jakarta.inject-api-2.0.1.jar:/home/pietro/.m2/repository/io/smallrye/common/smallrye-common-os/2.1.2/smallrye-common-os-2.1.2.jar:/home/pietro/.m2/repository/io/quarkus/quarkus-ide-launcher/3.4.2/quarkus-ide-launcher-3.4.2.jar:/home/pietro/.m2/repository/io/quarkus/quarkus-development-mode-spi/3.4.2/quarkus-development-mode-spi-3.4.2.jar:/home/pietro/.m2/repository/io/smallrye/config/smallrye-config/3.3.4/smallrye-config-3.3.4.jar:/home/pietro/.m2/repository/io/smallrye/config/smallrye-config-core/3.3.4/smallrye-config-core-3.3.4.jar:/home/pietro/.m2/repository/org/eclipse/microprofile/config/microprofile-config-api/3.0.3/microprofile-config-api-3.0.3.jar:/home/pietro/.m2/repository/io/smallrye/common/smallrye-common-classloader/2.1.2/smallrye-common-classloader-2.1.2.jar:/home/pietro/.m2/repository/io/smallrye/config/smallrye-config-common/3.3.4/smallrye-config-common-3.3.4.jar:/home/pietro/.m2/repository/org/jboss/logmanager/jboss-logmanager/3.0.2.Final/jboss-logmanager-3.0.2.Final.jar:/home/pietro/.m2/repository/io/smallrye/common/smallrye-common-constraint/2.1.2/smallrye-common-constraint-2.1.2.jar:/home/pietro/.m2/repository/io/smallrye/common/smallrye-common-cpu/2.1.2/smallrye-common-cpu-2.1.2.jar:/home/pietro/.m2/repository/io/smallrye/common/smallrye-common-expression/2.1.2/smallrye-common-expression-2.1.2.jar:/home/pietro/.m2/repository/io/smallrye/common/smallrye-common-function/2.1.2/smallrye-common-function-2.1.2.jar:/home/pietro/.m2/repository/io/smallrye/common/smallrye-common-net/2.1.2/smallrye-common-net-2.1.2.jar:/home/pietro/.m2/repository/io/smallrye/common/smallrye-common-ref/2.1.2/smallrye-common-ref-2.1.2.jar:/home/pietro/.m2/repository/jakarta/json/jakarta.json-api/2.1.2/jakarta.json-api-2.1.2.jar:/home/pietro/.m2/repository/org/jboss/logging/jboss-logging-annotations/2.2.1.Final/jboss-logging-annotations-2.2.1.Final.jar:/home/pietro/.m2/repository/org/jboss/threads/jboss-threads/3.5.0.Final/jboss-threads-3.5.0.Final.jar:/home/pietro/.m2/repository/org/jboss/slf4j/slf4j-jboss-logmanager/2.0.0.Final/slf4j-jboss-logmanager-2.0.0.Final.jar:/home/pietro/.m2/repository/org/wildfly/common/wildfly-common/1.5.4.Final-format-001/wildfly-common-1.5.4.Final-format-001.jar:/home/pietro/.m2/repository/io/quarkus/quarkus-bootstrap-runner/3.4.2/quarkus-bootstrap-runner-3.4.2.jar:/home/pietro/.m2/repository/io/quarkus/quarkus-fs-util/0.0.9/quarkus-fs-util-0.0.9.jar:/home/pietro/.m2/repository/org/eclipse/microprofile/context-propagation/microprofile-context-propagation-api/1.3/microprofile-context-propagation-api-1.3.jar:/home/pietro/.m2/repository/io/quarkus/quarkus-resteasy-reactive/3.4.2/quarkus-resteasy-reactive-3.4.2.jar:/home/pietro/.m2/repository/io/quarkus/quarkus-resteasy-reactive-common/3.4.2/quarkus-resteasy-reactive-common-3.4.2.jar:/home/pietro/.m2/repository/io/quarkus/resteasy/reactive/resteasy-reactive-common/3.4.2/resteasy-reactive-common-3.4.2.jar:/home/pietro/.m2/repository/io/quarkus/resteasy/reactive/resteasy-reactive-common-types/3.4.2/resteasy-reactive-common-types-3.4.2.jar:/home/pietro/.m2/repository/org/reactivestreams/reactive-streams/1.0.4/reactive-streams-1.0.4.jar:/home/pietro/.m2/repository/io/smallrye/reactive/mutiny-zero-flow-adapters/1.0.0/mutiny-zero-flow-adapters-1.0.0.jar:/home/pietro/.m2/repository/io/quarkus/quarkus-vertx/3.4.2/quarkus-vertx-3.4.2.jar:/home/pietro/.m2/repository/io/quarkus/quarkus-netty/3.4.2/quarkus-netty-3.4.2.jar:/home/pietro/.m2/repository/io/netty/netty-codec/4.1.97.Final/netty-codec-4.1.97.Final.jar:/home/pietro/.m2/repository/com/aayushatharva/brotli4j/brotli4j/1.12.0/brotli4j-1.12.0.jar:/home/pietro/.m2/repository/com/aayushatharva/brotli4j/service/1.12.0/service-1.12.0.jar:/home/pietro/.m2/repository/com/aayushatharva/brotli4j/native-linux-x86_64/1.12.0/native-linux-x86_64-1.12.0.jar:/home/pietro/.m2/repository/io/netty/netty-codec-haproxy/4.1.97.Final/netty-codec-haproxy-4.1.97.Final.jar:/home/pietro/.m2/repository/io/quarkus/quarkus-vertx-latebound-mdc-provider/3.4.2/quarkus-vertx-latebound-mdc-provider-3.4.2.jar:/home/pietro/.m2/repository/io/smallrye/smallrye-fault-tolerance-vertx/6.2.6/smallrye-fault-tolerance-vertx-6.2.6.jar:/home/pietro/.m2/repository/io/quarkus/resteasy/reactive/resteasy-reactive-vertx/3.4.2/resteasy-reactive-vertx-3.4.2.jar:/home/pietro/.m2/repository/io/vertx/vertx-web/4.4.5/vertx-web-4.4.5.jar:/home/pietro/.m2/repository/io/vertx/vertx-web-common/4.4.5/vertx-web-common-4.4.5.jar:/home/pietro/.m2/repository/io/vertx/vertx-auth-common/4.4.5/vertx-auth-common-4.4.5.jar:/home/pietro/.m2/repository/io/vertx/vertx-bridge-common/4.4.5/vertx-bridge-common-4.4.5.jar:/home/pietro/.m2/repository/io/smallrye/reactive/smallrye-mutiny-vertx-core/3.5.0/smallrye-mutiny-vertx-core-3.5.0.jar:/home/pietro/.m2/repository/io/smallrye/reactive/smallrye-mutiny-vertx-runtime/3.5.0/smallrye-mutiny-vertx-runtime-3.5.0.jar:/home/pietro/.m2/repository/io/smallrye/reactive/vertx-mutiny-generator/3.5.0/vertx-mutiny-generator-3.5.0.jar:/home/pietro/.m2/repository/io/vertx/vertx-codegen/4.4.5/vertx-codegen-4.4.5.jar:/home/pietro/.m2/repository/jakarta/ws/rs/jakarta.ws.rs-api/3.1.0/jakarta.ws.rs-api-3.1.0.jar:/home/pietro/.m2/repository/io/quarkus/quarkus-vertx-http/3.4.2/quarkus-vertx-http-3.4.2.jar:/home/pietro/.m2/repository/io/quarkus/quarkus-security-runtime-spi/3.4.2/quarkus-security-runtime-spi-3.4.2.jar:/home/pietro/.m2/repository/io/quarkus/quarkus-credentials/3.4.2/quarkus-credentials-3.4.2.jar:/home/pietro/.m2/repository/io/smallrye/common/smallrye-common-vertx-context/2.1.2/smallrye-common-vertx-context-2.1.2.jar:/home/pietro/.m2/repository/io/quarkus/quarkus-vertx-http-dev-console-runtime-spi/3.4.2/quarkus-vertx-http-dev-console-runtime-spi-3.4.2.jar:/home/pietro/.m2/repository/io/quarkus/security/quarkus-security/2.0.2.Final/quarkus-security-2.0.2.Final.jar:/home/pietro/.m2/repository/io/smallrye/reactive/smallrye-mutiny-vertx-web/3.5.0/smallrye-mutiny-vertx-web-3.5.0.jar:/home/pietro/.m2/repository/io/smallrye/reactive/smallrye-mutiny-vertx-web-common/3.5.0/smallrye-mutiny-vertx-web-common-3.5.0.jar:/home/pietro/.m2/repository/io/smallrye/reactive/smallrye-mutiny-vertx-auth-common/3.5.0/smallrye-mutiny-vertx-auth-common-3.5.0.jar:/home/pietro/.m2/repository/io/smallrye/reactive/smallrye-mutiny-vertx-bridge-common/3.5.0/smallrye-mutiny-vertx-bridge-common-3.5.0.jar:/home/pietro/.m2/repository/io/smallrye/reactive/smallrye-mutiny-vertx-uri-template/3.5.0/smallrye-mutiny-vertx-uri-template-3.5.0.jar:/home/pietro/.m2/repository/io/vertx/vertx-uri-template/4.4.5/vertx-uri-template-4.4.5.jar:/home/pietro/.m2/repository/io/github/crac/org-crac/0.1.3/org-crac-0.1.3.jar:/home/pietro/.m2/repository/io/quarkus/quarkus-jsonp/3.4.2/quarkus-jsonp-3.4.2.jar:/home/pietro/.m2/repository/org/eclipse/parsson/parsson/1.1.2/parsson-1.1.2.jar:/home/pietro/.m2/repository/io/quarkus/quarkus-virtual-threads/3.4.2/quarkus-virtual-threads-3.4.2.jar:/home/pietro/.m2/repository/io/vertx/vertx-core/4.4.5/vertx-core-4.4.5.jar:/home/pietro/.m2/repository/io/netty/netty-common/4.1.97.Final/netty-common-4.1.97.Final.jar:/home/pietro/.m2/repository/io/netty/netty-buffer/4.1.97.Final/netty-buffer-4.1.97.Final.jar:/home/pietro/.m2/repository/io/netty/netty-transport/4.1.97.Final/netty-transport-4.1.97.Final.jar:/home/pietro/.m2/repository/io/netty/netty-handler/4.1.97.Final/netty-handler-4.1.97.Final.jar:/home/pietro/.m2/repository/io/netty/netty-transport-native-unix-common/4.1.97.Final/netty-transport-native-unix-common-4.1.97.Final.jar:/home/pietro/.m2/repository/io/netty/netty-handler-proxy/4.1.97.Final/netty-handler-proxy-4.1.97.Final.jar:/home/pietro/.m2/repository/io/netty/netty-codec-socks/4.1.97.Final/netty-codec-socks-4.1.97.Final.jar:/home/pietro/.m2/repository/io/netty/netty-codec-http/4.1.97.Final/netty-codec-http-4.1.97.Final.jar:/home/pietro/.m2/repository/io/netty/netty-codec-http2/4.1.97.Final/netty-codec-http2-4.1.97.Final.jar:/home/pietro/.m2/repository/io/netty/netty-resolver/4.1.97.Final/netty-resolver-4.1.97.Final.jar:/home/pietro/.m2/repository/io/netty/netty-resolver-dns/4.1.97.Final/netty-resolver-dns-4.1.97.Final.jar:/home/pietro/.m2/repository/io/netty/netty-codec-dns/4.1.97.Final/netty-codec-dns-4.1.97.Final.jar:/home/pietro/.m2/repository/io/quarkus/quarkus-junit5/3.4.2/quarkus-junit5-3.4.2.jar:/home/pietro/.m2/repository/io/quarkus/quarkus-bootstrap-core/3.4.2/quarkus-bootstrap-core-3.4.2.jar:/home/pietro/.m2/repository/io/quarkus/quarkus-bootstrap-app-model/3.4.2/quarkus-bootstrap-app-model-3.4.2.jar:/home/pietro/.m2/repository/io/smallrye/common/smallrye-common-io/2.1.2/smallrye-common-io-2.1.2.jar:/home/pietro/.m2/repository/org/eclipse/sisu/org.eclipse.sisu.inject/0.3.5/org.eclipse.sisu.inject-0.3.5.jar:/home/pietro/.m2/repository/io/quarkus/quarkus-test-common/3.4.2/quarkus-test-common-3.4.2.jar:/home/pietro/.m2/repository/io/quarkus/quarkus-core-deployment/3.4.2/quarkus-core-deployment-3.4.2.jar:/home/pietro/.m2/repository/org/aesh/readline/2.4/readline-2.4.jar:/home/pietro/.m2/repository/org/fusesource/jansi/jansi/2.4.0/jansi-2.4.0.jar:/home/pietro/.m2/repository/org/aesh/aesh/2.7/aesh-2.7.jar:/home/pietro/.m2/repository/io/quarkus/gizmo/gizmo/1.6.1.Final/gizmo-1.6.1.Final.jar:/home/pietro/.m2/repository/org/ow2/asm/asm-util/9.5/asm-util-9.5.jar:/home/pietro/.m2/repository/org/ow2/asm/asm-analysis/9.5/asm-analysis-9.5.jar:/home/pietro/.m2/repository/org/ow2/asm/asm-commons/9.5/asm-commons-9.5.jar:/home/pietro/.m2/repository/org/ow2/asm/asm-tree/9.5/asm-tree-9.5.jar:/home/pietro/.m2/repository/io/quarkus/quarkus-class-change-agent/3.4.2/quarkus-class-change-agent-3.4.2.jar:/home/pietro/.m2/repository/io/quarkus/quarkus-devtools-utilities/3.4.2/quarkus-devtools-utilities-3.4.2.jar:/home/pietro/.m2/repository/io/quarkus/quarkus-builder/3.4.2/quarkus-builder-3.4.2.jar:/home/pietro/.m2/repository/org/graalvm/sdk/graal-sdk/23.0.1/graal-sdk-23.0.1.jar:/home/pietro/.m2/repository/org/junit/platform/junit-platform-launcher/1.9.3/junit-platform-launcher-1.9.3.jar:/home/pietro/.m2/repository/io/quarkus/quarkus-bootstrap-maven-resolver/3.4.2/quarkus-bootstrap-maven-resolver-3.4.2.jar:/home/pietro/.m2/repository/io/smallrye/beanbag/smallrye-beanbag-maven/1.3.2/smallrye-beanbag-maven-1.3.2.jar:/home/pietro/.m2/repository/io/smallrye/beanbag/smallrye-beanbag-sisu/1.3.2/smallrye-beanbag-sisu-1.3.2.jar:/home/pietro/.m2/repository/io/smallrye/beanbag/smallrye-beanbag/1.3.2/smallrye-beanbag-1.3.2.jar:/home/pietro/.m2/repository/javax/inject/javax.inject/1/javax.inject-1.jar:/home/pietro/.m2/repository/org/apache/maven/maven-artifact/3.9.3/maven-artifact-3.9.3.jar:/home/pietro/.m2/repository/org/apache/maven/maven-builder-support/3.9.3/maven-builder-support-3.9.3.jar:/home/pietro/.m2/repository/org/apache/maven/maven-model/3.9.3/maven-model-3.9.3.jar:/home/pietro/.m2/repository/org/apache/maven/maven-model-builder/3.9.3/maven-model-builder-3.9.3.jar:/home/pietro/.m2/repository/org/apache/maven/maven-repository-metadata/3.9.3/maven-repository-metadata-3.9.3.jar:/home/pietro/.m2/repository/org/apache/maven/maven-settings/3.9.3/maven-settings-3.9.3.jar:/home/pietro/.m2/repository/org/apache/maven/resolver/maven-resolver-api/1.9.13/maven-resolver-api-1.9.13.jar:/home/pietro/.m2/repository/org/apache/maven/resolver/maven-resolver-impl/1.9.13/maven-resolver-impl-1.9.13.jar:/home/pietro/.m2/repository/org/apache/maven/resolver/maven-resolver-named-locks/1.9.13/maven-resolver-named-locks-1.9.13.jar:/home/pietro/.m2/repository/org/apache/maven/resolver/maven-resolver-spi/1.9.13/maven-resolver-spi-1.9.13.jar:/home/pietro/.m2/repository/org/apache/maven/resolver/maven-resolver-util/1.9.13/maven-resolver-util-1.9.13.jar:/home/pietro/.m2/repository/org/apache/maven/resolver/maven-resolver-transport-http/1.9.10/maven-resolver-transport-http-1.9.10.jar:/home/pietro/.m2/repository/org/apache/maven/wagon/wagon-provider-api/3.5.3/wagon-provider-api-3.5.3.jar:/home/pietro/.m2/repository/org/apache/maven/wagon/wagon-http-shared/3.5.3/wagon-http-shared-3.5.3.jar:/home/pietro/.m2/repository/org/codehaus/plexus/plexus-interpolation/1.26/plexus-interpolation-1.26.jar:/home/pietro/.m2/repository/org/codehaus/plexus/plexus-utils/3.5.1/plexus-utils-3.5.1.jar:/home/pietro/.m2/repository/org/codehaus/plexus/plexus-xml/4.0.0/plexus-xml-4.0.0.jar:/home/pietro/.m2/repository/org/apache/maven/maven-xml-impl/4.0.0-alpha-5/maven-xml-impl-4.0.0-alpha-5.jar:/home/pietro/.m2/repository/org/apache/maven/maven-api-xml/4.0.0-alpha-5/maven-api-xml-4.0.0-alpha-5.jar:/home/pietro/.m2/repository/org/apache/maven/maven-api-meta/4.0.0-alpha-5/maven-api-meta-4.0.0-alpha-5.jar:/home/pietro/.m2/repository/org/codehaus/plexus/plexus-cipher/2.0/plexus-cipher-2.0.jar:/home/pietro/.m2/repository/org/codehaus/plexus/plexus-sec-dispatcher/2.0/plexus-sec-dispatcher-2.0.jar:/home/pietro/.m2/repository/org/apache/maven/maven-embedder/3.9.3/maven-embedder-3.9.3.jar:/home/pietro/.m2/repository/org/apache/maven/maven-core/3.9.3/maven-core-3.9.3.jar:/home/pietro/.m2/repository/org/codehaus/plexus/plexus-component-annotations/2.1.0/plexus-component-annotations-2.1.0.jar:/home/pietro/.m2/repository/org/apache/maven/maven-plugin-api/3.9.3/maven-plugin-api-3.9.3.jar:/home/pietro/.m2/repository/org/apache/maven/shared/maven-shared-utils/3.3.4/maven-shared-utils-3.3.4.jar:/home/pietro/.m2/repository/com/google/inject/guice/5.1.0/guice-5.1.0.jar:/home/pietro/.m2/repository/aopalliance/aopalliance/1.0/aopalliance-1.0.jar:/home/pietro/.m2/repository/javax/annotation/javax.annotation-api/1.3.2/javax.annotation-api-1.3.2.jar:/home/pietro/.m2/repository/org/codehaus/plexus/plexus-classworlds/2.6.0/plexus-classworlds-2.6.0.jar:/home/pietro/.m2/repository/commons-cli/commons-cli/1.5.0/commons-cli-1.5.0.jar:/home/pietro/.m2/repository/org/eclipse/sisu/org.eclipse.sisu.plexus/0.3.5/org.eclipse.sisu.plexus-0.3.5.jar:/home/pietro/.m2/repository/org/apache/maven/maven-settings-builder/3.9.3/maven-settings-builder-3.9.3.jar:/home/pietro/.m2/repository/org/apache/maven/maven-resolver-provider/3.9.3/maven-resolver-provider-3.9.3.jar:/home/pietro/.m2/repository/org/apache/maven/resolver/maven-resolver-connector-basic/1.9.13/maven-resolver-connector-basic-1.9.13.jar:/home/pietro/.m2/repository/org/apache/maven/resolver/maven-resolver-transport-wagon/1.9.13/maven-resolver-transport-wagon-1.9.13.jar:/home/pietro/.m2/repository/org/apache/maven/wagon/wagon-http/3.5.3/wagon-http-3.5.3.jar:/home/pietro/.m2/repository/org/apache/maven/wagon/wagon-file/3.5.3/wagon-file-3.5.3.jar:/home/pietro/.m2/repository/io/quarkus/quarkus-bootstrap-gradle-resolver/3.4.2/quarkus-bootstrap-gradle-resolver-3.4.2.jar:/home/pietro/.m2/repository/io/smallrye/jandex/3.1.3/jandex-3.1.3.jar:/home/pietro/.m2/repository/io/quarkus/quarkus-junit5-properties/3.4.2/quarkus-junit5-properties-3.4.2.jar:/home/pietro/.m2/repository/org/junit/jupiter/junit-jupiter/5.9.3/junit-jupiter-5.9.3.jar:/home/pietro/.m2/repository/org/junit/jupiter/junit-jupiter-api/5.9.3/junit-jupiter-api-5.9.3.jar:/home/pietro/.m2/repository/org/opentest4j/opentest4j/1.2.0/opentest4j-1.2.0.jar:/home/pietro/.m2/repository/org/junit/platform/junit-platform-commons/1.9.3/junit-platform-commons-1.9.3.jar:/home/pietro/.m2/repository/org/apiguardian/apiguardian-api/1.1.2/apiguardian-api-1.1.2.jar:/home/pietro/.m2/repository/org/junit/jupiter/junit-jupiter-params/5.9.3/junit-jupiter-params-5.9.3.jar:/home/pietro/.m2/repository/org/junit/jupiter/junit-jupiter-engine/5.9.3/junit-jupiter-engine-5.9.3.jar:/home/pietro/.m2/repository/org/junit/platform/junit-platform-engine/1.9.3/junit-platform-engine-1.9.3.jar:/home/pietro/.m2/repository/com/thoughtworks/xstream/xstream/1.4.20/xstream-1.4.20.jar:/home/pietro/.m2/repository/io/github/x-stream/mxparser/1.2.2/mxparser-1.2.2.jar:/home/pietro/.m2/repository/xmlpull/xmlpull/1.1.3.1/xmlpull-1.1.3.1.jar:/home/pietro/.m2/repository/io/rest-assured/rest-assured/5.3.0/rest-assured-5.3.0.jar:/home/pietro/.m2/repository/org/apache/groovy/groovy/4.0.6/groovy-4.0.6.jar:/home/pietro/.m2/repository/org/apache/groovy/groovy-xml/4.0.6/groovy-xml-4.0.6.jar:/home/pietro/.m2/repository/org/apache/httpcomponents/httpclient/4.5.14/httpclient-4.5.14.jar:/home/pietro/.m2/repository/org/apache/httpcomponents/httpcore/4.4.16/httpcore-4.4.16.jar:/home/pietro/.m2/repository/commons-codec/commons-codec/1.16.0/commons-codec-1.16.0.jar:/home/pietro/.m2/repository/org/apache/httpcomponents/httpmime/4.5.14/httpmime-4.5.14.jar:/home/pietro/.m2/repository/org/hamcrest/hamcrest/2.1/hamcrest-2.1.jar:/home/pietro/.m2/repository/org/ccil/cowan/tagsoup/tagsoup/1.2.1/tagsoup-1.2.1.jar:/home/pietro/.m2/repository/io/rest-assured/json-path/5.3.0/json-path-5.3.0.jar:/home/pietro/.m2/repository/org/apache/groovy/groovy-json/4.0.6/groovy-json-4.0.6.jar:/home/pietro/.m2/repository/io/rest-assured/rest-assured-common/5.3.0/rest-assured-common-5.3.0.jar:/home/pietro/.m2/repository/io/rest-assured/xml-path/5.3.0/xml-path-5.3.0.jar:/home/pietro/.m2/repository/io/quarkus/quarkus-junit5-mockito/3.4.2/quarkus-junit5-mockito-3.4.2.jar:/home/pietro/.m2/repository/io/quarkus/quarkus-junit5-mockito-config/3.4.2/quarkus-junit5-mockito-config-3.4.2.jar:/home/pietro/.m2/repository/org/mockito/mockito-core/5.3.1/mockito-core-5.3.1.jar:/home/pietro/.m2/repository/net/bytebuddy/byte-buddy-agent/1.14.4/byte-buddy-agent-1.14.4.jar:/home/pietro/.m2/repository/org/objenesis/objenesis/3.3/objenesis-3.3.jar:/home/pietro/.m2/repository/io/quarkus/quarkus-arc-deployment/3.4.2/quarkus-arc-deployment-3.4.2.jar:/home/pietro/.m2/repository/io/quarkus/quarkus-smallrye-context-propagation-spi/3.4.2/quarkus-smallrye-context-propagation-spi-3.4.2.jar:/home/pietro/.m2/repository/io/quarkus/quarkus-vertx-http-dev-ui-spi/3.4.2/quarkus-vertx-http-dev-ui-spi-3.4.2.jar:/home/pietro/.m2/repository/io/quarkus/arc/arc-processor/3.4.2/arc-processor-3.4.2.jar:/home/pietro/.m2/repository/org/mockito/mockito-subclass/5.3.1/mockito-subclass-5.3.1.jar:/home/pietro/.m2/repository/io/quarkus/quarkus-mutiny/3.4.2/quarkus-mutiny-3.4.2.jar:/home/pietro/.m2/repository/io/quarkus/quarkus-smallrye-context-propagation/3.4.2/quarkus-smallrye-context-propagation-3.4.2.jar:/home/pietro/.m2/repository/io/smallrye/smallrye-context-propagation/2.1.0/smallrye-context-propagation-2.1.0.jar:/home/pietro/.m2/repository/io/smallrye/smallrye-context-propagation-api/2.1.0/smallrye-context-propagation-api-2.1.0.jar:/home/pietro/.m2/repository/io/smallrye/smallrye-context-propagation-storage/2.1.0/smallrye-context-propagation-storage-2.1.0.jar:/home/pietro/.m2/repository/io/smallrye/reactive/mutiny-smallrye-context-propagation/2.3.1/mutiny-smallrye-context-propagation-2.3.1.jar:/home/pietro/.m2/repository/org/assertj/assertj-core/3.24.2/assertj-core-3.24.2.jar:/home/pietro/.m2/repository/net/bytebuddy/byte-buddy/1.14.7/byte-buddy-1.14.7.jar:/home/pietro/.m2/repository/org/wiremock/wiremock/3.2.0/wiremock-3.2.0.jar:/home/pietro/.m2/repository/org/eclipse/jetty/jetty-server/11.0.16/jetty-server-11.0.16.jar:/home/pietro/.m2/repository/org/eclipse/jetty/toolchain/jetty-jakarta-servlet-api/5.0.2/jetty-jakarta-servlet-api-5.0.2.jar:/home/pietro/.m2/repository/org/eclipse/jetty/jetty-http/11.0.16/jetty-http-11.0.16.jar:/home/pietro/.m2/repository/org/eclipse/jetty/jetty-io/11.0.16/jetty-io-11.0.16.jar:/home/pietro/.m2/repository/org/eclipse/jetty/jetty-servlet/11.0.16/jetty-servlet-11.0.16.jar:/home/pietro/.m2/repository/org/eclipse/jetty/jetty-security/11.0.16/jetty-security-11.0.16.jar:/home/pietro/.m2/repository/org/eclipse/jetty/jetty-servlets/11.0.16/jetty-servlets-11.0.16.jar:/home/pietro/.m2/repository/org/eclipse/jetty/jetty-util/11.0.16/jetty-util-11.0.16.jar:/home/pietro/.m2/repository/org/eclipse/jetty/jetty-webapp/11.0.16/jetty-webapp-11.0.16.jar:/home/pietro/.m2/repository/org/eclipse/jetty/jetty-xml/11.0.16/jetty-xml-11.0.16.jar:/home/pietro/.m2/repository/org/eclipse/jetty/jetty-proxy/11.0.16/jetty-proxy-11.0.16.jar:/home/pietro/.m2/repository/org/eclipse/jetty/jetty-client/11.0.16/jetty-client-11.0.16.jar:/home/pietro/.m2/repository/org/eclipse/jetty/http2/http2-server/11.0.16/http2-server-11.0.16.jar:/home/pietro/.m2/repository/org/eclipse/jetty/http2/http2-common/11.0.16/http2-common-11.0.16.jar:/home/pietro/.m2/repository/org/eclipse/jetty/http2/http2-hpack/11.0.16/http2-hpack-11.0.16.jar:/home/pietro/.m2/repository/org/eclipse/jetty/jetty-alpn-server/11.0.16/jetty-alpn-server-11.0.16.jar:/home/pietro/.m2/repository/org/eclipse/jetty/jetty-alpn-java-server/11.0.16/jetty-alpn-java-server-11.0.16.jar:/home/pietro/.m2/repository/org/eclipse/jetty/jetty-alpn-java-client/11.0.16/jetty-alpn-java-client-11.0.16.jar:/home/pietro/.m2/repository/org/eclipse/jetty/jetty-alpn-client/11.0.16/jetty-alpn-client-11.0.16.jar:/home/pietro/.m2/repository/com/google/guava/guava/32.1.1-jre/guava-32.1.1-jre.jar:/home/pietro/.m2/repository/com/google/guava/failureaccess/1.0.1/failureaccess-1.0.1.jar:/home/pietro/.m2/repository/org/checkerframework/checker-qual/3.37.0/checker-qual-3.37.0.jar:/home/pietro/.m2/repository/com/google/errorprone/error_prone_annotations/2.20.0/error_prone_annotations-2.20.0.jar:/home/pietro/.m2/repository/com/google/j2objc/j2objc-annotations/2.8/j2objc-annotations-2.8.jar:/home/pietro/.m2/repository/com/fasterxml/jackson/core/jackson-core/2.15.2/jackson-core-2.15.2.jar:/home/pietro/.m2/repository/com/fasterxml/jackson/core/jackson-annotations/2.15.2/jackson-annotations-2.15.2.jar:/home/pietro/.m2/repository/com/fasterxml/jackson/core/jackson-databind/2.15.2/jackson-databind-2.15.2.jar:/home/pietro/.m2/repository/com/fasterxml/jackson/datatype/jackson-datatype-jsr310/2.15.2/jackson-datatype-jsr310-2.15.2.jar:/home/pietro/.m2/repository/org/apache/httpcomponents/client5/httpclient5/5.2.1/httpclient5-5.2.1.jar:/home/pietro/.m2/repository/org/apache/httpcomponents/core5/httpcore5/5.2/httpcore5-5.2.jar:/home/pietro/.m2/repository/org/apache/httpcomponents/core5/httpcore5-h2/5.2/httpcore5-h2-5.2.jar:/home/pietro/.m2/repository/org/xmlunit/xmlunit-core/2.9.1/xmlunit-core-2.9.1.jar:/home/pietro/.m2/repository/org/xmlunit/xmlunit-legacy/2.9.1/xmlunit-legacy-2.9.1.jar:/home/pietro/.m2/repository/org/xmlunit/xmlunit-placeholders/2.9.1/xmlunit-placeholders-2.9.1.jar:/home/pietro/.m2/repository/net/javacrumbs/json-unit/json-unit-core/2.38.0/json-unit-core-2.38.0.jar:/home/pietro/.m2/repository/org/hamcrest/hamcrest-core/2.2/hamcrest-core-2.2.jar:/home/pietro/.m2/repository/com/jayway/jsonpath/json-path/2.8.0/json-path-2.8.0.jar:/home/pietro/.m2/repository/net/minidev/json-smart/2.4.10/json-smart-2.4.10.jar:/home/pietro/.m2/repository/net/minidev/accessors-smart/2.4.9/accessors-smart-2.4.9.jar:/home/pietro/.m2/repository/org/ow2/asm/asm/9.5/asm-9.5.jar:/home/pietro/.m2/repository/net/sf/jopt-simple/jopt-simple/5.0.4/jopt-simple-5.0.4.jar:/home/pietro/.m2/repository/org/apache/commons/commons-lang3/3.12.0/commons-lang3-3.12.0.jar:/home/pietro/.m2/repository/com/github/jknack/handlebars/4.3.1/handlebars-4.3.1.jar:/home/pietro/.m2/repository/com/github/jknack/handlebars-helpers/4.3.1/handlebars-helpers-4.3.1.jar:/home/pietro/.m2/repository/commons-fileupload/commons-fileupload/1.5/commons-fileupload-1.5.jar:/home/pietro/.m2/repository/commons-io/commons-io/2.13.0/commons-io-2.13.0.jar:/home/pietro/.m2/repository/com/networknt/json-schema-validator/1.0.87/json-schema-validator-1.0.87.jar:/home/pietro/.m2/repository/com/ethlo/time/itu/1.7.0/itu-1.7.0.jar:/home/pietro/.m2/repository/com/fasterxml/jackson/dataformat/jackson-dataformat-yaml/2.15.2/jackson-dataformat-yaml-2.15.2.jar:/home/pietro/.m2/repository/org/yaml/snakeyaml/2.1/snakeyaml-2.1.jar:/home/pietro/.m2/repository/org/slf4j/slf4j-api/2.0.6/slf4j-api-2.0.6.jar:/home/pietro/.m2/repository/io/quarkus/quarkus-container-image-jib/3.4.2/quarkus-container-image-jib-3.4.2.jar:/home/pietro/.m2/repository/io/quarkus/quarkus-container-image/3.4.2/quarkus-container-image-3.4.2.jar:/home/pietro/.m2/repository/org/testcontainers/junit-jupiter/1.18.3/junit-jupiter-1.18.3.jar:/home/pietro/.m2/repository/org/testcontainers/testcontainers/1.18.3/testcontainers-1.18.3.jar:/home/pietro/.m2/repository/junit/junit/4.13.2/junit-4.13.2.jar:/home/pietro/.m2/repository/org/apache/commons/commons-compress/1.24.0/commons-compress-1.24.0.jar:/home/pietro/.m2/repository/org/rnorth/duct-tape/duct-tape/1.0.8/duct-tape-1.0.8.jar:/home/pietro/.m2/repository/org/jetbrains/annotations/24.0.1/annotations-24.0.1.jar:/home/pietro/.m2/repository/com/github/docker-java/docker-java-api/3.3.0/docker-java-api-3.3.0.jar:/home/pietro/.m2/repository/com/github/docker-java/docker-java-transport-zerodep/3.3.0/docker-java-transport-zerodep-3.3.0.jar:/home/pietro/.m2/repository/com/github/docker-java/docker-java-transport/3.3.0/docker-java-transport-3.3.0.jar:/home/pietro/.m2/repository/net/java/dev/jna/jna/5.8.0/jna-5.8.0.jar:/home/pietro/.m2/repository/org/apache/httpcomponents/fluent-hc/4.5.14/fluent-hc-4.5.14.jar:/home/pietro/.m2/repository/commons-logging/commons-logging/1.2/commons-logging-1.2.jar:"/>
    <property name="sun.cpu.endian" value="little"/>
    <property name="vertx.disableWebsockets" value="true"/>
    <property name="user.home" value="/home/pietro"/>
    <property name="user.language" value="it"/>
    <property name="jboss.log-version" value="false"/>
    <property name="java.specification.vendor" value="Oracle Corporation"/>
    <property name="io.netty.allocator.maxOrder" value="3"/>
    <property name="java.version.date" value="2023-07-18"/>
    <property name="java.home" value="/usr/lib/jvm/jdk-20"/>
    <property name="file.separator" value="/"/>
    <property name="basedir" value="/home/pietro/eclipse-workspace/CompositeEntitiesProject/CompositeEntitiesManagerPrototype"/>
    <property name="style.color" value="always"/>
    <property name="java.vm.compressedOopsMode" value="Zero based"/>
    <property name="line.separator" value="&#10;"/>
    <property name="java.vm.specification.vendor" value="Oracle Corporation"/>
    <property name="java.specification.name" value="Java Platform API Specification"/>
    <property name="surefire.real.class.path" value="/home/pietro/eclipse-workspace/CompositeEntitiesProject/CompositeEntitiesManagerPrototype/target/surefire/surefirebooter-20231031001011362_3.jar"/>
    <property name="sun.management.compiler" value="HotSpot 64-Bit Tiered Compilers"/>
    <property name="java.runtime.version" value="20.0.2+9-78"/>
    <property name="user.name" value="pietro"/>
    <property name="stdout.encoding" value="UTF-8"/>
    <property name="path.separator" value=":"/>
    <property name="os.version" value="6.2.0-35-generic"/>
    <property name="java.runtime.name" value="Java(TM) SE Runtime Environment"/>
    <property name="file.encoding" value="UTF-8"/>
    <property name="java.vm.name" value="Java HotSpot(TM) 64-Bit Server VM"/>
    <property name="localRepository" value="/home/pietro/.m2/repository"/>
    <property name="java.vendor.url.bug" value="https://bugreport.java.com/bugreport/"/>
    <property name="java.io.tmpdir" value="/tmp"/>
    <property name="quarkus.log.file.path" value="target/quarkus.log"/>
    <property name="java.version" value="20.0.2"/>
    <property name="java.util.concurrent.ForkJoinPool.common.threadFactory" value="io.quarkus.bootstrap.forkjoin.QuarkusForkJoinWorkerThreadFactory"/>
    <property name="user.dir" value="/home/pietro/eclipse-workspace/CompositeEntitiesProject/CompositeEntitiesManagerPrototype"/>
    <property name="os.arch" value="amd64"/>
    <property name="java.vm.specification.name" value="Java Virtual Machine Specification"/>
    <property name="vertx.disableDnsResolver" value="true"/>
    <property name="native.encoding" value="UTF-8"/>
    <property name="java.util.logging.manager" value="org.jboss.logmanager.LogManager"/>
    <property name="java.library.path" value="/usr/java/packages/lib:/usr/lib64:/lib64:/lib:/usr/lib"/>
    <property name="java.vm.info" value="mixed mode, sharing"/>
    <property name="stderr.encoding" value="UTF-8"/>
    <property name="java.vendor" value="Oracle Corporation"/>
    <property name="vertx.disableTCCL" value="true"/>
    <property name="java.vm.version" value="20.0.2+9-78"/>
    <property name="sun.io.unicode.encoding" value="UnicodeLittle"/>
    <property name="io.netty.machineId" value="0d:74:38:a0:a4:e4:68:a8"/>
    <property name="java.class.version" value="64.0"/>
  </properties>
  <testcase name="testDeleteMachineByUri" classname="it.exame.rest.controller.RestControllerTest" time="0.746">
    <system-out><![CDATA[2023-10-31 00:10:15,835 INFO  [io.quarkus] (main) composite-entities-manager-prototype 0.0.1-SNAPSHOT on JVM (powered by Quarkus 3.4.2) started in 1.777s. Listening on: http://0.0.0.0:8081
2023-10-31 00:10:15,837 INFO  [io.quarkus] (main) Profile test activated. 
2023-10-31 00:10:15,837 INFO  [io.quarkus] (main) Installed features: [cdi, rest-client-reactive, rest-client-reactive-jackson, resteasy-reactive, resteasy-reactive-jackson, smallrye-context-propagation, vertx]
]]></system-out>
  </testcase>
  <testcase name="testGetPossibileOperation" classname="it.exame.rest.controller.RestControllerTest" time="0.046"/>
  <testcase name="testPostNewEntity" classname="it.exame.rest.controller.RestControllerTest" time="0.064"/>
  <testcase name="testPostNotAMachine" classname="it.exame.rest.controller.RestControllerTest" time="0.01"/>
  <testcase name="testGetAllElement" classname="it.exame.rest.controller.RestControllerTest" time="0.018"/>
  <testcase name="testDeleteNotAMachineByUri" classname="it.exame.rest.controller.RestControllerTest" time="0.013"/>
  <testcase name="testPostNewEntityComplex" classname="it.exame.rest.controller.RestControllerTest" time="0.009"/>
  <testcase name="testPostExecuteOperation_EmptyBody" classname="it.exame.rest.controller.RestControllerTest" time="0.012"/>
  <testcase name="testPostExecuteOperation" classname="it.exame.rest.controller.RestControllerTest" time="0.012"/>
</testsuite>